{"C:\\Larry\\Personal\\es6-es7-esn\\src\\practical-tasks.ts": {"path":"C:\\Larry\\Personal\\es6-es7-esn\\src\\practical-tasks.ts","statementMap":{"0":{"start":{"line":8,"column":14},"end":{"line":8,"column":39}},"1":{"start":{"line":10,"column":1},"end":{"line":20,"column":2}},"2":{"start":{"line":10,"column":13},"end":{"line":10,"column":14}},"3":{"start":{"line":11,"column":18},"end":{"line":11,"column":24}},"4":{"start":{"line":12,"column":17},"end":{"line":12,"column":30}},"5":{"start":{"line":15,"column":2},"end":{"line":19,"column":3}},"6":{"start":{"line":16,"column":3},"end":{"line":16,"column":25}},"7":{"start":{"line":18,"column":3},"end":{"line":18,"column":36}},"8":{"start":{"line":23,"column":1},"end":{"line":23,"column":17}},"9":{"start":{"line":4,"column":87},"end":{"line":4,"column":115}},"10":{"start":{"line":28,"column":1},"end":{"line":44,"column":2}},"11":{"start":{"line":28,"column":13},"end":{"line":28,"column":14}},"12":{"start":{"line":29,"column":18},"end":{"line":29,"column":24}},"13":{"start":{"line":32,"column":23},"end":{"line":37,"column":null}},"14":{"start":{"line":33,"column":3},"end":{"line":35,"column":4}},"15":{"start":{"line":34,"column":4},"end":{"line":34,"column":17}},"16":{"start":{"line":36,"column":3},"end":{"line":36,"column":33}},"17":{"start":{"line":39,"column":2},"end":{"line":41,"column":3}},"18":{"start":{"line":40,"column":3},"end":{"line":40,"column":12}},"19":{"start":{"line":43,"column":2},"end":{"line":43,"column":27}},"20":{"start":{"line":47,"column":1},"end":{"line":47,"column":17}},"21":{"start":{"line":4,"column":61},"end":{"line":4,"column":85}},"22":{"start":{"line":52,"column":14},"end":{"line":52,"column":16}},"23":{"start":{"line":54,"column":1},"end":{"line":66,"column":2}},"24":{"start":{"line":54,"column":12},"end":{"line":54,"column":13}},"25":{"start":{"line":55,"column":2},"end":{"line":65,"column":3}},"26":{"start":{"line":56,"column":3},"end":{"line":56,"column":15}},"27":{"start":{"line":59,"column":3},"end":{"line":64,"column":4}},"28":{"start":{"line":60,"column":4},"end":{"line":60,"column":33}},"29":{"start":{"line":63,"column":4},"end":{"line":63,"column":19}},"30":{"start":{"line":68,"column":1},"end":{"line":68,"column":15}},"31":{"start":{"line":4,"column":1},"end":{"line":4,"column":29}},"32":{"start":{"line":74,"column":1},"end":{"line":81,"column":16}},"33":{"start":{"line":76,"column":6},"end":{"line":78,"column":7}},"34":{"start":{"line":77,"column":7},"end":{"line":77,"column":17}},"35":{"start":{"line":79,"column":6},"end":{"line":79,"column":56}},"36":{"start":{"line":4,"column":31},"end":{"line":4,"column":59}},"37":{"start":{"line":91,"column":16},"end":{"line":91,"column":41}},"38":{"start":{"line":92,"column":14},"end":{"line":92,"column":15}},"39":{"start":{"line":93,"column":1},"end":{"line":93,"column":25}},"40":{"start":{"line":94,"column":1},"end":{"line":98,"column":2}},"41":{"start":{"line":95,"column":2},"end":{"line":97,"column":3}},"42":{"start":{"line":96,"column":3},"end":{"line":96,"column":12}},"43":{"start":{"line":99,"column":1},"end":{"line":99,"column":15}},"44":{"start":{"line":3,"column":123},"end":{"line":3,"column":139}},"45":{"start":{"line":108,"column":13},"end":{"line":108,"column":27}},"46":{"start":{"line":109,"column":1},"end":{"line":109,"column":76}},"47":{"start":{"line":3,"column":104},"end":{"line":3,"column":121}},"48":{"start":{"line":113,"column":1},"end":{"line":113,"column":34}},"49":{"start":{"line":3,"column":80},"end":{"line":3,"column":102}},"50":{"start":{"line":119,"column":14},"end":{"line":119,"column":17}},"51":{"start":{"line":120,"column":1},"end":{"line":133,"column":2}},"52":{"start":{"line":120,"column":12},"end":{"line":120,"column":13}},"53":{"start":{"line":121,"column":2},"end":{"line":132,"column":3}},"54":{"start":{"line":122,"column":3},"end":{"line":122,"column":21}},"55":{"start":{"line":124,"column":9},"end":{"line":132,"column":3}},"56":{"start":{"line":125,"column":3},"end":{"line":125,"column":18}},"57":{"start":{"line":127,"column":9},"end":{"line":132,"column":3}},"58":{"start":{"line":128,"column":3},"end":{"line":128,"column":18}},"59":{"start":{"line":131,"column":3},"end":{"line":131,"column":19}},"60":{"start":{"line":134,"column":1},"end":{"line":134,"column":15}},"61":{"start":{"line":3,"column":66},"end":{"line":3,"column":78}},"62":{"start":{"line":138,"column":16},"end":{"line":138,"column":31}},"63":{"start":{"line":139,"column":1},"end":{"line":143,"column":2}},"64":{"start":{"line":139,"column":11},"end":{"line":139,"column":12}},"65":{"start":{"line":140,"column":2},"end":{"line":142,"column":3}},"66":{"start":{"line":141,"column":3},"end":{"line":141,"column":18}},"67":{"start":{"line":144,"column":1},"end":{"line":144,"column":15}},"68":{"start":{"line":3,"column":1},"end":{"line":3,"column":32}},"69":{"start":{"line":148,"column":1},"end":{"line":154,"column":13}},"70":{"start":{"line":150,"column":5},"end":{"line":152,"column":6}},"71":{"start":{"line":151,"column":6},"end":{"line":151,"column":22}},"72":{"start":{"line":153,"column":5},"end":{"line":153,"column":16}},"73":{"start":{"line":3,"column":34},"end":{"line":3,"column":64}},"74":{"start":{"line":158,"column":1},"end":{"line":167,"column":12}},"75":{"start":{"line":161,"column":5},"end":{"line":165,"column":6}},"76":{"start":{"line":162,"column":6},"end":{"line":162,"column":35}},"77":{"start":{"line":164,"column":6},"end":{"line":164,"column":null}},"78":{"start":{"line":1,"column":105},"end":{"line":1,"column":131}},"79":{"start":{"line":171,"column":1},"end":{"line":176,"column":17}},"80":{"start":{"line":174,"column":5},"end":{"line":174,"column":null}},"81":{"start":{"line":2,"column":113},"end":{"line":2,"column":136}},"82":{"start":{"line":180,"column":11},"end":{"line":180,"column":17}},"83":{"start":{"line":181,"column":11},"end":{"line":181,"column":17}},"84":{"start":{"line":183,"column":1},"end":{"line":190,"column":2}},"85":{"start":{"line":183,"column":12},"end":{"line":183,"column":13}},"86":{"start":{"line":184,"column":2},"end":{"line":186,"column":3}},"87":{"start":{"line":185,"column":3},"end":{"line":185,"column":16}},"88":{"start":{"line":187,"column":2},"end":{"line":189,"column":3}},"89":{"start":{"line":188,"column":3},"end":{"line":188,"column":16}},"90":{"start":{"line":192,"column":1},"end":{"line":192,"column":19}},"91":{"start":{"line":2,"column":51},"end":{"line":2,"column":67}},"92":{"start":{"line":196,"column":1},"end":{"line":196,"column":null}},"93":{"start":{"line":2,"column":91},"end":{"line":2,"column":111}},"94":{"start":{"line":200,"column":1},"end":{"line":200,"column":33}},"95":{"start":{"line":200,"column":26},"end":{"line":200,"column":31}},"96":{"start":{"line":201,"column":1},"end":{"line":201,"column":36}},"97":{"start":{"line":2,"column":69},"end":{"line":2,"column":89}},"98":{"start":{"line":205,"column":1},"end":{"line":210,"column":10}},"99":{"start":{"line":209,"column":5},"end":{"line":209,"column":36}},"100":{"start":{"line":2,"column":40},"end":{"line":2,"column":49}},"101":{"start":{"line":214,"column":14},"end":{"line":214,"column":28}},"102":{"start":{"line":215,"column":15},"end":{"line":215,"column":40}},"103":{"start":{"line":216,"column":16},"end":{"line":216,"column":41}},"104":{"start":{"line":218,"column":1},"end":{"line":220,"column":4}},"105":{"start":{"line":219,"column":2},"end":{"line":219,"column":45}},"106":{"start":{"line":221,"column":1},"end":{"line":221,"column":30}},"107":{"start":{"line":2,"column":1},"end":{"line":2,"column":17}},"108":{"start":{"line":225,"column":1},"end":{"line":228,"column":15}},"109":{"start":{"line":227,"column":6},"end":{"line":227,"column":55}},"110":{"start":{"line":2,"column":19},"end":{"line":2,"column":38}},"111":{"start":{"line":232,"column":1},"end":{"line":232,"column":63}},"112":{"start":{"line":232,"column":39},"end":{"line":232,"column":58}},"113":{"start":{"line":1,"column":83},"end":{"line":1,"column":103}},"114":{"start":{"line":236,"column":15},"end":{"line":236,"column":29}},"115":{"start":{"line":237,"column":16},"end":{"line":237,"column":24}},"116":{"start":{"line":238,"column":1},"end":{"line":242,"column":2}},"117":{"start":{"line":238,"column":12},"end":{"line":238,"column":13}},"118":{"start":{"line":239,"column":2},"end":{"line":241,"column":3}},"119":{"start":{"line":240,"column":3},"end":{"line":240,"column":23}},"120":{"start":{"line":243,"column":1},"end":{"line":243,"column":17}},"121":{"start":{"line":1,"column":57},"end":{"line":1,"column":81}},"122":{"start":{"line":247,"column":16},"end":{"line":247,"column":18}},"123":{"start":{"line":249,"column":1},"end":{"line":251,"column":2}},"124":{"start":{"line":250,"column":2},"end":{"line":250,"column":29}},"125":{"start":{"line":253,"column":1},"end":{"line":253,"column":23}},"126":{"start":{"line":1,"column":9},"end":{"line":1,"column":21}},"127":{"start":{"line":257,"column":1},"end":{"line":257,"column":54}},"128":{"start":{"line":259,"column":12},"end":{"line":259,"column":13}},"129":{"start":{"line":260,"column":13},"end":{"line":260,"column":27}},"130":{"start":{"line":262,"column":1},"end":{"line":268,"column":2}},"131":{"start":{"line":263,"column":2},"end":{"line":265,"column":3}},"132":{"start":{"line":264,"column":3},"end":{"line":264,"column":16}},"133":{"start":{"line":266,"column":2},"end":{"line":266,"column":9}},"134":{"start":{"line":267,"column":2},"end":{"line":267,"column":10}},"135":{"start":{"line":270,"column":1},"end":{"line":270,"column":13}},"136":{"start":{"line":1,"column":23},"end":{"line":1,"column":55}}},"fnMap":{"0":{"name":"GetTwoDigitsArrayIndecesMemo","decl":{"start":{"line":6,"column":9},"end":{"line":6,"column":37}},"loc":{"start":{"line":6,"column":69},"end":{"line":24,"column":1}}},"1":{"name":"GetTwoDigitsArrayIndeces","decl":{"start":{"line":26,"column":9},"end":{"line":26,"column":33}},"loc":{"start":{"line":26,"column":65},"end":{"line":48,"column":1}}},"2":{"name":"(anonymous_2)","decl":{"start":{"line":32,"column":37},"end":{"line":32,"column":38}},"loc":{"start":{"line":32,"column":55},"end":{"line":37,"column":3}}},"3":{"name":"CapitalizeFirstWordLetterFor","decl":{"start":{"line":50,"column":9},"end":{"line":50,"column":37}},"loc":{"start":{"line":50,"column":49},"end":{"line":69,"column":1}}},"4":{"name":"CapitalizeFirstWordLetterMap","decl":{"start":{"line":72,"column":9},"end":{"line":72,"column":37}},"loc":{"start":{"line":72,"column":49},"end":{"line":82,"column":1}}},"5":{"name":"(anonymous_5)","decl":{"start":{"line":75,"column":11},"end":{"line":75,"column":12}},"loc":{"start":{"line":75,"column":20},"end":{"line":80,"column":6}}},"6":{"name":"FindStringVowels","decl":{"start":{"line":85,"column":9},"end":{"line":85,"column":25}},"loc":{"start":{"line":85,"column":37},"end":{"line":100,"column":1}}},"7":{"name":"CreatePhoneNumber","decl":{"start":{"line":102,"column":9},"end":{"line":102,"column":26}},"loc":{"start":{"line":102,"column":38},"end":{"line":110,"column":1}}},"8":{"name":"GetUniqueArrayElements","decl":{"start":{"line":112,"column":9},"end":{"line":112,"column":31}},"loc":{"start":{"line":112,"column":48},"end":{"line":114,"column":1}}},"9":{"name":"FooBarNumber","decl":{"start":{"line":118,"column":9},"end":{"line":118,"column":21}},"loc":{"start":{"line":118,"column":33},"end":{"line":135,"column":1}}},"10":{"name":"FindStringCapitalLettersForLoop","decl":{"start":{"line":137,"column":9},"end":{"line":137,"column":40}},"loc":{"start":{"line":137,"column":52},"end":{"line":145,"column":1}}},"11":{"name":"FindStringCapitalLettersReduce","decl":{"start":{"line":147,"column":9},"end":{"line":147,"column":39}},"loc":{"start":{"line":147,"column":51},"end":{"line":155,"column":1}}},"12":{"name":"(anonymous_12)","decl":{"start":{"line":149,"column":20},"end":{"line":149,"column":21}},"loc":{"start":{"line":149,"column":76},"end":{"line":154,"column":7}}},"13":{"name":"StringDuplicateIndexReduce","decl":{"start":{"line":157,"column":9},"end":{"line":157,"column":35}},"loc":{"start":{"line":157,"column":47},"end":{"line":168,"column":1}}},"14":{"name":"(anonymous_14)","decl":{"start":{"line":160,"column":13},"end":{"line":160,"column":14}},"loc":{"start":{"line":160,"column":37},"end":{"line":167,"column":6}}},"15":{"name":"StringDuplicateIndexMap","decl":{"start":{"line":170,"column":9},"end":{"line":170,"column":32}},"loc":{"start":{"line":170,"column":44},"end":{"line":177,"column":1}}},"16":{"name":"(anonymous_16)","decl":{"start":{"line":173,"column":11},"end":{"line":173,"column":12}},"loc":{"start":{"line":173,"column":29},"end":{"line":175,"column":11}}},"17":{"name":"GetMinMaxInArray","decl":{"start":{"line":179,"column":9},"end":{"line":179,"column":25}},"loc":{"start":{"line":179,"column":44},"end":{"line":193,"column":1}}},"18":{"name":"GetMinMaxInArrayMath","decl":{"start":{"line":195,"column":9},"end":{"line":195,"column":29}},"loc":{"start":{"line":195,"column":48},"end":{"line":197,"column":1}}},"19":{"name":"GetMinMaxInArraySort","decl":{"start":{"line":199,"column":9},"end":{"line":199,"column":29}},"loc":{"start":{"line":199,"column":48},"end":{"line":202,"column":1}}},"20":{"name":"(anonymous_20)","decl":{"start":{"line":200,"column":16},"end":{"line":200,"column":17}},"loc":{"start":{"line":200,"column":26},"end":{"line":200,"column":31}}},"21":{"name":"SumDigits","decl":{"start":{"line":204,"column":9},"end":{"line":204,"column":18}},"loc":{"start":{"line":204,"column":30},"end":{"line":211,"column":1}}},"22":{"name":"(anonymous_22)","decl":{"start":{"line":208,"column":14},"end":{"line":208,"column":15}},"loc":{"start":{"line":208,"column":31},"end":{"line":210,"column":5}}},"23":{"name":"StringToInitials","decl":{"start":{"line":213,"column":9},"end":{"line":213,"column":25}},"loc":{"start":{"line":213,"column":37},"end":{"line":222,"column":1}}},"24":{"name":"(anonymous_24)","decl":{"start":{"line":218,"column":19},"end":{"line":218,"column":20}},"loc":{"start":{"line":218,"column":36},"end":{"line":220,"column":2}}},"25":{"name":"StringToInitialsMap","decl":{"start":{"line":224,"column":9},"end":{"line":224,"column":28}},"loc":{"start":{"line":224,"column":40},"end":{"line":229,"column":1}}},"26":{"name":"(anonymous_26)","decl":{"start":{"line":226,"column":13},"end":{"line":226,"column":14}},"loc":{"start":{"line":226,"column":23},"end":{"line":227,"column":56}}},"27":{"name":"FindShortestWordSort","decl":{"start":{"line":231,"column":9},"end":{"line":231,"column":29}},"loc":{"start":{"line":231,"column":41},"end":{"line":233,"column":1}}},"28":{"name":"(anonymous_28)","decl":{"start":{"line":232,"column":29},"end":{"line":232,"column":30}},"loc":{"start":{"line":232,"column":39},"end":{"line":232,"column":58}}},"29":{"name":"FindShortestWordSplitFor","decl":{"start":{"line":235,"column":9},"end":{"line":235,"column":33}},"loc":{"start":{"line":235,"column":45},"end":{"line":244,"column":1}}},"30":{"name":"IsPalindrome","decl":{"start":{"line":246,"column":9},"end":{"line":246,"column":21}},"loc":{"start":{"line":246,"column":33},"end":{"line":254,"column":1}}},"31":{"name":"IsPalindromeIgnoreSpecialSymbols","decl":{"start":{"line":256,"column":9},"end":{"line":256,"column":41}},"loc":{"start":{"line":256,"column":53},"end":{"line":271,"column":1}}}},"branchMap":{"0":{"loc":{"start":{"line":15,"column":2},"end":{"line":19,"column":3}},"type":"if","locations":[{"start":{"line":15,"column":2},"end":{"line":19,"column":3}},{"start":{"line":17,"column":9},"end":{"line":19,"column":3}}]},"1":{"loc":{"start":{"line":18,"column":11},"end":{"line":18,"column":31}},"type":"binary-expr","locations":[{"start":{"line":18,"column":11},"end":{"line":18,"column":28}},{"start":{"line":18,"column":30},"end":{"line":18,"column":31}}]},"2":{"loc":{"start":{"line":33,"column":3},"end":{"line":35,"column":4}},"type":"if","locations":[{"start":{"line":33,"column":3},"end":{"line":35,"column":4}}]},"3":{"loc":{"start":{"line":39,"column":2},"end":{"line":41,"column":3}},"type":"if","locations":[{"start":{"line":39,"column":2},"end":{"line":41,"column":3}}]},"4":{"loc":{"start":{"line":55,"column":2},"end":{"line":65,"column":3}},"type":"if","locations":[{"start":{"line":55,"column":2},"end":{"line":65,"column":3}},{"start":{"line":58,"column":9},"end":{"line":65,"column":3}}]},"5":{"loc":{"start":{"line":59,"column":3},"end":{"line":64,"column":4}},"type":"if","locations":[{"start":{"line":59,"column":3},"end":{"line":64,"column":4}},{"start":{"line":62,"column":10},"end":{"line":64,"column":4}}]},"6":{"loc":{"start":{"line":59,"column":6},"end":{"line":59,"column":29}},"type":"binary-expr","locations":[{"start":{"line":59,"column":6},"end":{"line":59,"column":21}},{"start":{"line":59,"column":25},"end":{"line":59,"column":29}}]},"7":{"loc":{"start":{"line":76,"column":6},"end":{"line":78,"column":7}},"type":"if","locations":[{"start":{"line":76,"column":6},"end":{"line":78,"column":7}}]},"8":{"loc":{"start":{"line":95,"column":2},"end":{"line":97,"column":3}},"type":"if","locations":[{"start":{"line":95,"column":2},"end":{"line":97,"column":3}}]},"9":{"loc":{"start":{"line":121,"column":2},"end":{"line":132,"column":3}},"type":"if","locations":[{"start":{"line":121,"column":2},"end":{"line":132,"column":3}},{"start":{"line":124,"column":9},"end":{"line":132,"column":3}}]},"10":{"loc":{"start":{"line":124,"column":9},"end":{"line":132,"column":3}},"type":"if","locations":[{"start":{"line":124,"column":9},"end":{"line":132,"column":3}},{"start":{"line":127,"column":9},"end":{"line":132,"column":3}}]},"11":{"loc":{"start":{"line":127,"column":9},"end":{"line":132,"column":3}},"type":"if","locations":[{"start":{"line":127,"column":9},"end":{"line":132,"column":3}},{"start":{"line":130,"column":9},"end":{"line":132,"column":3}}]},"12":{"loc":{"start":{"line":140,"column":2},"end":{"line":142,"column":3}},"type":"if","locations":[{"start":{"line":140,"column":2},"end":{"line":142,"column":3}}]},"13":{"loc":{"start":{"line":150,"column":5},"end":{"line":152,"column":6}},"type":"if","locations":[{"start":{"line":150,"column":5},"end":{"line":152,"column":6}}]},"14":{"loc":{"start":{"line":161,"column":5},"end":{"line":165,"column":6}},"type":"if","locations":[{"start":{"line":161,"column":5},"end":{"line":165,"column":6}},{"start":{"line":163,"column":12},"end":{"line":165,"column":6}}]},"15":{"loc":{"start":{"line":184,"column":2},"end":{"line":186,"column":3}},"type":"if","locations":[{"start":{"line":184,"column":2},"end":{"line":186,"column":3}}]},"16":{"loc":{"start":{"line":187,"column":2},"end":{"line":189,"column":3}},"type":"if","locations":[{"start":{"line":187,"column":2},"end":{"line":189,"column":3}}]},"17":{"loc":{"start":{"line":239,"column":2},"end":{"line":241,"column":3}},"type":"if","locations":[{"start":{"line":239,"column":2},"end":{"line":241,"column":3}}]},"18":{"loc":{"start":{"line":263,"column":2},"end":{"line":265,"column":3}},"type":"if","locations":[{"start":{"line":263,"column":2},"end":{"line":265,"column":3}}]}},"s":{"0":1,"1":1,"2":1,"3":5,"4":5,"5":5,"6":4,"7":1,"8":0,"9":1,"10":1,"11":1,"12":4,"13":4,"14":20,"15":10,"16":10,"17":4,"18":3,"19":1,"20":0,"21":1,"22":3,"23":3,"24":3,"25":45,"26":8,"27":37,"28":9,"29":28,"30":3,"31":1,"32":3,"33":11,"34":2,"35":9,"36":1,"37":2,"38":2,"39":2,"40":2,"41":16,"42":5,"43":2,"44":1,"45":2,"46":2,"47":1,"48":2,"49":1,"50":2,"51":2,"52":2,"53":18,"54":1,"55":17,"56":5,"57":12,"58":3,"59":9,"60":2,"61":1,"62":3,"63":3,"64":3,"65":102,"66":10,"67":3,"68":1,"69":3,"70":102,"71":10,"72":102,"73":1,"74":2,"75":8,"76":2,"77":6,"78":1,"79":2,"80":8,"81":1,"82":2,"83":2,"84":2,"85":2,"86":7,"87":1,"88":7,"89":5,"90":2,"91":1,"92":2,"93":1,"94":2,"95":12,"96":2,"97":1,"98":2,"99":4,"100":1,"101":2,"102":2,"103":2,"104":2,"105":4,"106":2,"107":1,"108":2,"109":4,"110":1,"111":4,"112":16,"113":1,"114":4,"115":4,"116":4,"117":4,"118":10,"119":2,"120":4,"121":1,"122":5,"123":5,"124":24,"125":5,"126":1,"127":7,"128":7,"129":7,"130":7,"131":13,"132":2,"133":11,"134":11,"135":5,"136":1},"f":{"0":1,"1":1,"2":20,"3":3,"4":3,"5":11,"6":2,"7":2,"8":2,"9":2,"10":3,"11":3,"12":102,"13":2,"14":8,"15":2,"16":8,"17":2,"18":2,"19":2,"20":12,"21":2,"22":4,"23":2,"24":4,"25":2,"26":4,"27":4,"28":16,"29":4,"30":5,"31":7},"b":{"0":[4,1],"1":[1,0],"2":[10],"3":[3],"4":[8,37],"5":[9,28],"6":[37,30],"7":[2],"8":[5],"9":[1,17],"10":[5,12],"11":[3,9],"12":[10],"13":[10],"14":[2,6],"15":[1],"16":[5],"17":[2],"18":[2]}}
,"C:\\Larry\\Personal\\es6-es7-esn\\src\\search.ts": {"path":"C:\\Larry\\Personal\\es6-es7-esn\\src\\search.ts","statementMap":{"0":{"start":{"line":10,"column":17},"end":{"line":10,"column":19}},"1":{"start":{"line":11,"column":1},"end":{"line":13,"column":2}},"2":{"start":{"line":12,"column":2},"end":{"line":12,"column":19}},"3":{"start":{"line":15,"column":12},"end":{"line":15,"column":13}},"4":{"start":{"line":16,"column":13},"end":{"line":16,"column":27}},"5":{"start":{"line":18,"column":1},"end":{"line":32,"column":2}},"6":{"start":{"line":19,"column":29},"end":{"line":19,"column":57}},"7":{"start":{"line":20,"column":23},"end":{"line":20,"column":46}},"8":{"start":{"line":22,"column":2},"end":{"line":24,"column":3}},"9":{"start":{"line":23,"column":3},"end":{"line":23,"column":29}},"10":{"start":{"line":26,"column":2},"end":{"line":30,"column":3}},"11":{"start":{"line":27,"column":3},"end":{"line":27,"column":34}},"12":{"start":{"line":29,"column":3},"end":{"line":29,"column":33}},"13":{"start":{"line":34,"column":1},"end":{"line":34,"column":18}},"14":{"start":{"line":1,"column":9},"end":{"line":1,"column":21}}},"fnMap":{"0":{"name":"SearchBinary","decl":{"start":{"line":9,"column":9},"end":{"line":9,"column":21}},"loc":{"start":{"line":9,"column":63},"end":{"line":35,"column":1}}}},"branchMap":{"0":{"loc":{"start":{"line":11,"column":1},"end":{"line":13,"column":2}},"type":"if","locations":[{"start":{"line":11,"column":1},"end":{"line":13,"column":2}}]},"1":{"loc":{"start":{"line":22,"column":2},"end":{"line":24,"column":3}},"type":"if","locations":[{"start":{"line":22,"column":2},"end":{"line":24,"column":3}}]},"2":{"loc":{"start":{"line":26,"column":2},"end":{"line":30,"column":3}},"type":"if","locations":[{"start":{"line":26,"column":2},"end":{"line":30,"column":3}},{"start":{"line":28,"column":9},"end":{"line":30,"column":3}}]}},"s":{"0":9,"1":9,"2":1,"3":8,"4":8,"5":8,"6":19,"7":19,"8":19,"9":7,"10":12,"11":4,"12":8,"13":1,"14":1},"f":{"0":9},"b":{"0":[1],"1":[7],"2":[4,8]}}
,"C:\\Larry\\Personal\\es6-es7-esn\\src\\tdd\\binary-search.ts": {"path":"C:\\Larry\\Personal\\es6-es7-esn\\src\\tdd\\binary-search.ts","statementMap":{"0":{"start":{"line":9,"column":1},"end":{"line":11,"column":2}},"1":{"start":{"line":10,"column":2},"end":{"line":10,"column":12}},"2":{"start":{"line":13,"column":12},"end":{"line":13,"column":13}},"3":{"start":{"line":14,"column":13},"end":{"line":14,"column":25}},"4":{"start":{"line":15,"column":13},"end":{"line":15,"column":15}},"5":{"start":{"line":17,"column":1},"end":{"line":30,"column":2}},"6":{"start":{"line":18,"column":15},"end":{"line":18,"column":45}},"7":{"start":{"line":20,"column":2},"end":{"line":29,"column":3}},"8":{"start":{"line":21,"column":12},"end":{"line":21,"column":30}},"9":{"start":{"line":23,"column":9},"end":{"line":29,"column":3}},"10":{"start":{"line":24,"column":3},"end":{"line":24,"column":18}},"11":{"start":{"line":27,"column":3},"end":{"line":27,"column":18}},"12":{"start":{"line":28,"column":3},"end":{"line":28,"column":9}},"13":{"start":{"line":32,"column":1},"end":{"line":32,"column":14}},"14":{"start":{"line":1,"column":9},"end":{"line":1,"column":28}}},"fnMap":{"0":{"name":"searchBinaryIndexOf","decl":{"start":{"line":8,"column":9},"end":{"line":8,"column":28}},"loc":{"start":{"line":8,"column":63},"end":{"line":33,"column":1}}}},"branchMap":{"0":{"loc":{"start":{"line":9,"column":1},"end":{"line":11,"column":2}},"type":"if","locations":[{"start":{"line":9,"column":1},"end":{"line":11,"column":2}}]},"1":{"loc":{"start":{"line":20,"column":2},"end":{"line":29,"column":3}},"type":"if","locations":[{"start":{"line":20,"column":2},"end":{"line":29,"column":3}},{"start":{"line":23,"column":9},"end":{"line":29,"column":3}}]},"2":{"loc":{"start":{"line":23,"column":9},"end":{"line":29,"column":3}},"type":"if","locations":[{"start":{"line":23,"column":9},"end":{"line":29,"column":3}},{"start":{"line":26,"column":9},"end":{"line":29,"column":3}}]}},"s":{"0":11,"1":1,"2":10,"3":10,"4":10,"5":10,"6":17,"7":17,"8":3,"9":14,"10":5,"11":9,"12":9,"13":10,"14":1},"f":{"0":11},"b":{"0":[1],"1":[3,14],"2":[5,9]}}
,"C:\\Larry\\Personal\\es6-es7-esn\\src\\tdd\\linear-search.ts": {"path":"C:\\Larry\\Personal\\es6-es7-esn\\src\\tdd\\linear-search.ts","statementMap":{"0":{"start":{"line":9,"column":21},"end":{"line":9,"column":23}},"1":{"start":{"line":10,"column":1},"end":{"line":12,"column":2}},"2":{"start":{"line":11,"column":2},"end":{"line":11,"column":23}},"3":{"start":{"line":14,"column":1},"end":{"line":18,"column":2}},"4":{"start":{"line":14,"column":13},"end":{"line":14,"column":14}},"5":{"start":{"line":15,"column":2},"end":{"line":17,"column":3}},"6":{"start":{"line":16,"column":3},"end":{"line":16,"column":12}},"7":{"start":{"line":20,"column":1},"end":{"line":20,"column":22}},"8":{"start":{"line":1,"column":9},"end":{"line":1,"column":28}}},"fnMap":{"0":{"name":"searchLinearIndexOf","decl":{"start":{"line":8,"column":9},"end":{"line":8,"column":28}},"loc":{"start":{"line":8,"column":63},"end":{"line":21,"column":1}}}},"branchMap":{"0":{"loc":{"start":{"line":10,"column":1},"end":{"line":12,"column":2}},"type":"if","locations":[{"start":{"line":10,"column":1},"end":{"line":12,"column":2}}]},"1":{"loc":{"start":{"line":15,"column":2},"end":{"line":17,"column":3}},"type":"if","locations":[{"start":{"line":15,"column":2},"end":{"line":17,"column":3}}]}},"s":{"0":9,"1":9,"2":1,"3":8,"4":8,"5":15,"6":7,"7":1,"8":1},"f":{"0":9},"b":{"0":[1],"1":[7]}}
,"C:\\Larry\\Personal\\es6-es7-esn\\src\\tdd\\martin-bowling-game.ts": {"path":"C:\\Larry\\Personal\\es6-es7-esn\\src\\tdd\\martin-bowling-game.ts","statementMap":{"0":{"start":{"line":5,"column":9},"end":{"line":5,"column":33}},"1":{"start":{"line":6,"column":9},"end":{"line":6,"column":26}},"2":{"start":{"line":7,"column":9},"end":{"line":7,"column":67}},"3":{"start":{"line":10,"column":14},"end":{"line":10,"column":15}},"4":{"start":{"line":11,"column":19},"end":{"line":11,"column":20}},"5":{"start":{"line":13,"column":2},"end":{"line":27,"column":3}},"6":{"start":{"line":13,"column":19},"end":{"line":13,"column":20}},"7":{"start":{"line":15,"column":3},"end":{"line":26,"column":4}},"8":{"start":{"line":16,"column":4},"end":{"line":16,"column":47}},"9":{"start":{"line":17,"column":4},"end":{"line":17,"column":17}},"10":{"start":{"line":19,"column":10},"end":{"line":26,"column":4}},"11":{"start":{"line":20,"column":4},"end":{"line":20,"column":45}},"12":{"start":{"line":21,"column":4},"end":{"line":21,"column":19}},"13":{"start":{"line":24,"column":4},"end":{"line":24,"column":45}},"14":{"start":{"line":25,"column":4},"end":{"line":25,"column":19}},"15":{"start":{"line":29,"column":2},"end":{"line":29,"column":15}},"16":{"start":{"line":33,"column":2},"end":{"line":33,"column":40}},"17":{"start":{"line":37,"column":2},"end":{"line":37,"column":61}},"18":{"start":{"line":41,"column":2},"end":{"line":41,"column":36}},"19":{"start":{"line":45,"column":2},"end":{"line":45,"column":61}},"20":{"start":{"line":49,"column":2},"end":{"line":49,"column":38}},"21":{"start":{"line":53,"column":2},"end":{"line":53,"column":70}},"22":{"start":{"line":1,"column":9},"end":{"line":1,"column":13}}},"fnMap":{"0":{"name":"(anonymous_0)","decl":{"start":{"line":3,"column":0},"end":{"line":3,"column":6}},"loc":{"start":{"line":3,"column":0},"end":{"line":56,"column":1}}},"1":{"name":"(anonymous_1)","decl":{"start":{"line":9,"column":1},"end":{"line":9,"column":6}},"loc":{"start":{"line":9,"column":6},"end":{"line":30,"column":2}}},"2":{"name":"(anonymous_2)","decl":{"start":{"line":32,"column":1},"end":{"line":32,"column":5}},"loc":{"start":{"line":32,"column":18},"end":{"line":34,"column":2}}},"3":{"name":"(anonymous_3)","decl":{"start":{"line":36,"column":9},"end":{"line":36,"column":24}},"loc":{"start":{"line":36,"column":43},"end":{"line":38,"column":2}}},"4":{"name":"(anonymous_4)","decl":{"start":{"line":40,"column":9},"end":{"line":40,"column":19}},"loc":{"start":{"line":40,"column":38},"end":{"line":42,"column":2}}},"5":{"name":"(anonymous_5)","decl":{"start":{"line":44,"column":9},"end":{"line":44,"column":20}},"loc":{"start":{"line":44,"column":39},"end":{"line":46,"column":2}}},"6":{"name":"(anonymous_6)","decl":{"start":{"line":48,"column":9},"end":{"line":48,"column":17}},"loc":{"start":{"line":48,"column":36},"end":{"line":50,"column":2}}},"7":{"name":"(anonymous_7)","decl":{"start":{"line":52,"column":9},"end":{"line":52,"column":16}},"loc":{"start":{"line":52,"column":35},"end":{"line":54,"column":2}}}},"branchMap":{"0":{"loc":{"start":{"line":15,"column":3},"end":{"line":26,"column":4}},"type":"if","locations":[{"start":{"line":15,"column":3},"end":{"line":26,"column":4}},{"start":{"line":19,"column":10},"end":{"line":26,"column":4}}]},"1":{"loc":{"start":{"line":19,"column":10},"end":{"line":26,"column":4}},"type":"if","locations":[{"start":{"line":19,"column":10},"end":{"line":26,"column":4}},{"start":{"line":23,"column":10},"end":{"line":26,"column":4}}]}},"s":{"0":6,"1":6,"2":6,"3":5,"4":5,"5":5,"6":5,"7":50,"8":11,"9":11,"10":39,"11":1,"12":1,"13":38,"14":38,"15":5,"16":92,"17":38,"18":1,"19":11,"20":50,"21":39,"22":1},"f":{"0":6,"1":5,"2":92,"3":38,"4":1,"5":11,"6":50,"7":39},"b":{"0":[11,39],"1":[1,38]}}
,"C:\\Larry\\Personal\\es6-es7-esn\\src\\tdd\\martin-bubble-sort.ts": {"path":"C:\\Larry\\Personal\\es6-es7-esn\\src\\tdd\\martin-bubble-sort.ts","statementMap":{"0":{"start":{"line":5,"column":1},"end":{"line":14,"column":2}},"1":{"start":{"line":6,"column":2},"end":{"line":13,"column":3}},"2":{"start":{"line":6,"column":19},"end":{"line":6,"column":34}},"3":{"start":{"line":7,"column":3},"end":{"line":12,"column":4}},"4":{"start":{"line":7,"column":21},"end":{"line":7,"column":22}},"5":{"start":{"line":8,"column":20},"end":{"line":8,"column":32}},"6":{"start":{"line":9,"column":4},"end":{"line":11,"column":5}},"7":{"start":{"line":10,"column":5},"end":{"line":10,"column":75}},"8":{"start":{"line":15,"column":1},"end":{"line":15,"column":13}},"9":{"start":{"line":1,"column":9},"end":{"line":1,"column":19}}},"fnMap":{"0":{"name":"sortBubble","decl":{"start":{"line":3,"column":9},"end":{"line":3,"column":19}},"loc":{"start":{"line":3,"column":34},"end":{"line":16,"column":1}}}},"branchMap":{"0":{"loc":{"start":{"line":5,"column":1},"end":{"line":14,"column":2}},"type":"if","locations":[{"start":{"line":5,"column":1},"end":{"line":14,"column":2}}]},"1":{"loc":{"start":{"line":9,"column":4},"end":{"line":11,"column":5}},"type":"if","locations":[{"start":{"line":9,"column":4},"end":{"line":11,"column":5}}]}},"s":{"0":9,"1":7,"2":7,"3":15,"4":15,"5":29,"6":29,"7":16,"8":9,"9":1},"f":{"0":9},"b":{"0":[7],"1":[16]}}
,"C:\\Larry\\Personal\\es6-es7-esn\\src\\tdd\\martin-customer.ts": {"path":"C:\\Larry\\Personal\\es6-es7-esn\\src\\tdd\\martin-customer.ts","statementMap":{"0":{"start":{"line":3,"column":0},"end":{"line":3,"column":null}},"1":{"start":{"line":4,"column":1},"end":{"line":4,"column":null}},"2":{"start":{"line":5,"column":1},"end":{"line":5,"column":null}},"3":{"start":{"line":9,"column":9},"end":{"line":9,"column":55}},"4":{"start":{"line":14,"column":2},"end":{"line":14,"column":45}},"5":{"start":{"line":18,"column":23},"end":{"line":18,"column":24}},"6":{"start":{"line":19,"column":2},"end":{"line":21,"column":3}},"7":{"start":{"line":20,"column":3},"end":{"line":20,"column":32}},"8":{"start":{"line":22,"column":2},"end":{"line":22,"column":16}},"9":{"start":{"line":26,"column":20},"end":{"line":26,"column":21}},"10":{"start":{"line":27,"column":2},"end":{"line":29,"column":3}},"11":{"start":{"line":28,"column":3},"end":{"line":28,"column":26}},"12":{"start":{"line":30,"column":2},"end":{"line":30,"column":13}},"13":{"start":{"line":1,"column":9},"end":{"line":1,"column":25}},"14":{"start":{"line":35,"column":1},"end":{"line":37,"column":2}},"15":{"start":{"line":36,"column":2},"end":{"line":36,"column":42}},"16":{"start":{"line":38,"column":1},"end":{"line":38,"column":15}},"17":{"start":{"line":50,"column":2},"end":{"line":50,"column":21}},"18":{"start":{"line":53,"column":2},"end":{"line":53,"column":40}},"19":{"start":{"line":56,"column":2},"end":{"line":56,"column":38}},"20":{"start":{"line":64,"column":2},"end":{"line":64,"column":21}},"21":{"start":{"line":67,"column":2},"end":{"line":67,"column":14}},"22":{"start":{"line":70,"column":2},"end":{"line":70,"column":11}},"23":{"start":{"line":80,"column":2},"end":{"line":80,"column":19}},"24":{"start":{"line":81,"column":2},"end":{"line":81,"column":45}},"25":{"start":{"line":84,"column":2},"end":{"line":84,"column":41}},"26":{"start":{"line":87,"column":2},"end":{"line":87,"column":38}},"27":{"start":{"line":97,"column":2},"end":{"line":104,"column":3}},"28":{"start":{"line":99,"column":4},"end":{"line":99,"column":35}},"29":{"start":{"line":101,"column":4},"end":{"line":101,"column":37}},"30":{"start":{"line":103,"column":4},"end":{"line":103,"column":38}},"31":{"start":{"line":108,"column":2},"end":{"line":108,"column":38}},"32":{"start":{"line":1,"column":27},"end":{"line":1,"column":40}},"33":{"start":{"line":92,"column":16},"end":{"line":92,"column":86}}},"fnMap":{"0":{"name":"(anonymous_0)","decl":{"start":{"line":3,"column":0},"end":{"line":3,"column":5}},"loc":{"start":{"line":3,"column":14},"end":{"line":6,"column":1}}},"1":{"name":"(anonymous_1)","decl":{"start":{"line":11,"column":1},"end":{"line":11,"column":17}},"loc":{"start":{"line":11,"column":1},"end":{"line":11,"column":18}}},"2":{"name":"(anonymous_2)","decl":{"start":{"line":13,"column":1},"end":{"line":13,"column":10}},"loc":{"start":{"line":13,"column":38},"end":{"line":15,"column":2}}},"3":{"name":"(anonymous_3)","decl":{"start":{"line":17,"column":1},"end":{"line":17,"column":16}},"loc":{"start":{"line":17,"column":16},"end":{"line":23,"column":2}}},"4":{"name":"(anonymous_4)","decl":{"start":{"line":25,"column":1},"end":{"line":25,"column":13}},"loc":{"start":{"line":25,"column":13},"end":{"line":31,"column":2}}},"5":{"name":"applyGracePeriod","decl":{"start":{"line":34,"column":9},"end":{"line":34,"column":25}},"loc":{"start":{"line":34,"column":69},"end":{"line":39,"column":1}}},"6":{"name":"(anonymous_6)","decl":{"start":{"line":49,"column":1},"end":{"line":49,"column":13}},"loc":{"start":{"line":49,"column":26},"end":{"line":51,"column":2}}},"7":{"name":"(anonymous_7)","decl":{"start":{"line":52,"column":1},"end":{"line":52,"column":7}},"loc":{"start":{"line":52,"column":20},"end":{"line":54,"column":2}}},"8":{"name":"(anonymous_8)","decl":{"start":{"line":55,"column":1},"end":{"line":55,"column":10}},"loc":{"start":{"line":55,"column":23},"end":{"line":57,"column":2}}},"9":{"name":"(anonymous_9)","decl":{"start":{"line":63,"column":1},"end":{"line":63,"column":13}},"loc":{"start":{"line":63,"column":26},"end":{"line":65,"column":2}}},"10":{"name":"(anonymous_10)","decl":{"start":{"line":66,"column":1},"end":{"line":66,"column":7}},"loc":{"start":{"line":66,"column":20},"end":{"line":68,"column":2}}},"11":{"name":"(anonymous_11)","decl":{"start":{"line":69,"column":1},"end":{"line":69,"column":10}},"loc":{"start":{"line":69,"column":23},"end":{"line":71,"column":2}}},"12":{"name":"(anonymous_12)","decl":{"start":{"line":79,"column":1},"end":{"line":79,"column":14}},"loc":{"start":{"line":79,"column":41},"end":{"line":82,"column":2}}},"13":{"name":"(anonymous_13)","decl":{"start":{"line":83,"column":1},"end":{"line":83,"column":10}},"loc":{"start":{"line":83,"column":10},"end":{"line":85,"column":2}}},"14":{"name":"(anonymous_14)","decl":{"start":{"line":86,"column":1},"end":{"line":86,"column":7}},"loc":{"start":{"line":86,"column":7},"end":{"line":88,"column":2}}},"15":{"name":"(anonymous_15)","decl":{"start":{"line":94,"column":1},"end":{"line":94,"column":24}},"loc":{"start":{"line":94,"column":1},"end":{"line":94,"column":25}}},"16":{"name":"(anonymous_16)","decl":{"start":{"line":96,"column":1},"end":{"line":96,"column":7}},"loc":{"start":{"line":96,"column":30},"end":{"line":105,"column":2}}},"17":{"name":"(anonymous_17)","decl":{"start":{"line":107,"column":1},"end":{"line":107,"column":7}},"loc":{"start":{"line":107,"column":47},"end":{"line":109,"column":2}}}},"branchMap":{"0":{"loc":{"start":{"line":3,"column":5},"end":{"line":3,"column":null}},"type":"binary-expr","locations":[{"start":{"line":3,"column":5},"end":{"line":3,"column":14}},{"start":{"line":3,"column":14},"end":{"line":3,"column":null}}]},"1":{"loc":{"start":{"line":35,"column":1},"end":{"line":37,"column":2}},"type":"if","locations":[{"start":{"line":35,"column":1},"end":{"line":37,"column":2}}]},"2":{"loc":{"start":{"line":97,"column":2},"end":{"line":104,"column":3}},"type":"switch","locations":[{"start":{"line":98,"column":3},"end":{"line":99,"column":35}},{"start":{"line":100,"column":3},"end":{"line":101,"column":37}},{"start":{"line":102,"column":3},"end":{"line":103,"column":38}}]}},"s":{"0":1,"1":1,"2":1,"3":9,"4":10,"5":9,"6":9,"7":10,"8":9,"9":9,"10":9,"11":10,"12":9,"13":1,"14":14,"15":8,"16":6,"17":7,"18":7,"19":7,"20":3,"21":3,"22":3,"23":10,"24":10,"25":10,"26":10,"27":10,"28":7,"29":3,"30":0,"31":2,"32":1,"33":1},"f":{"0":1,"1":9,"2":10,"3":9,"4":9,"5":14,"6":7,"7":7,"8":7,"9":3,"10":3,"11":3,"12":10,"13":10,"14":10,"15":0,"16":10,"17":2},"b":{"0":[1,1],"1":[8],"2":[7,3,0]}}
,"C:\\Larry\\Personal\\es6-es7-esn\\src\\tdd\\martin-prime-numbers.ts": {"path":"C:\\Larry\\Personal\\es6-es7-esn\\src\\tdd\\martin-prime-numbers.ts","statementMap":{"0":{"start":{"line":4,"column":17},"end":{"line":4,"column":32}},"1":{"start":{"line":6,"column":1},"end":{"line":10,"column":2}},"2":{"start":{"line":6,"column":19},"end":{"line":6,"column":20}},"3":{"start":{"line":7,"column":2},"end":{"line":9,"column":3}},"4":{"start":{"line":8,"column":3},"end":{"line":8,"column":25}},"5":{"start":{"line":12,"column":1},"end":{"line":12,"column":16}},"6":{"start":{"line":1,"column":9},"end":{"line":1,"column":18}}},"fnMap":{"0":{"name":"factorsOf","decl":{"start":{"line":3,"column":9},"end":{"line":3,"column":18}},"loc":{"start":{"line":3,"column":30},"end":{"line":13,"column":1}}}},"branchMap":{},"s":{"0":15,"1":15,"2":15,"3":63,"4":28,"5":15,"6":1},"f":{"0":15},"b":{}}
,"C:\\Larry\\Personal\\es6-es7-esn\\src\\tdd\\martin-queue.ts": {"path":"C:\\Larry\\Personal\\es6-es7-esn\\src\\tdd\\martin-queue.ts","statementMap":{"0":{"start":{"line":5,"column":9},"end":{"line":5,"column":18}},"1":{"start":{"line":6,"column":9},"end":{"line":6,"column":19}},"2":{"start":{"line":7,"column":9},"end":{"line":7,"column":18}},"3":{"start":{"line":8,"column":9},"end":{"line":8,"column":43}},"4":{"start":{"line":11,"column":2},"end":{"line":11,"column":14}},"5":{"start":{"line":12,"column":2},"end":{"line":12,"column":34}},"6":{"start":{"line":16,"column":2},"end":{"line":18,"column":3}},"7":{"start":{"line":17,"column":3},"end":{"line":17,"column":null}},"8":{"start":{"line":20,"column":18},"end":{"line":20,"column":40}},"9":{"start":{"line":22,"column":2},"end":{"line":24,"column":9}},"10":{"start":{"line":22,"column":15},"end":{"line":22,"column":16}},"11":{"start":{"line":23,"column":12},"end":{"line":23,"column":46}},"12":{"start":{"line":25,"column":2},"end":{"line":25,"column":14}},"13":{"start":{"line":26,"column":2},"end":{"line":26,"column":14}},"14":{"start":{"line":27,"column":2},"end":{"line":27,"column":16}},"15":{"start":{"line":31,"column":2},"end":{"line":31,"column":19}},"16":{"start":{"line":35,"column":2},"end":{"line":35,"column":25}},"17":{"start":{"line":1,"column":9},"end":{"line":1,"column":14}}},"fnMap":{"0":{"name":"(anonymous_0)","decl":{"start":{"line":3,"column":0},"end":{"line":3,"column":6}},"loc":{"start":{"line":3,"column":0},"end":{"line":37,"column":1}}},"1":{"name":"(anonymous_1)","decl":{"start":{"line":10,"column":1},"end":{"line":10,"column":5}},"loc":{"start":{"line":10,"column":19},"end":{"line":13,"column":2}}},"2":{"name":"(anonymous_2)","decl":{"start":{"line":15,"column":1},"end":{"line":15,"column":4}},"loc":{"start":{"line":15,"column":4},"end":{"line":28,"column":2}}},"3":{"name":"(anonymous_3)","decl":{"start":{"line":30,"column":1},"end":{"line":30,"column":8}},"loc":{"start":{"line":30,"column":8},"end":{"line":32,"column":2}}},"4":{"name":"(anonymous_4)","decl":{"start":{"line":34,"column":1},"end":{"line":34,"column":8}},"loc":{"start":{"line":34,"column":8},"end":{"line":36,"column":2}}}},"branchMap":{"0":{"loc":{"start":{"line":16,"column":2},"end":{"line":18,"column":3}},"type":"if","locations":[{"start":{"line":16,"column":2},"end":{"line":18,"column":3}}]}},"s":{"0":8,"1":8,"2":8,"3":8,"4":9,"5":9,"6":8,"7":1,"8":7,"9":7,"10":7,"11":9,"12":7,"13":7,"14":7,"15":5,"16":5,"17":1},"f":{"0":8,"1":9,"2":8,"3":5,"4":5},"b":{"0":[1]}}
,"C:\\Larry\\Personal\\es6-es7-esn\\src\\tdd\\martin-sort.ts": {"path":"C:\\Larry\\Personal\\es6-es7-esn\\src\\tdd\\martin-sort.ts","statementMap":{"0":{"start":{"line":4,"column":14},"end":{"line":4,"column":33}},"1":{"start":{"line":6,"column":1},"end":{"line":8,"column":2}},"2":{"start":{"line":7,"column":2},"end":{"line":7,"column":16}},"3":{"start":{"line":10,"column":16},"end":{"line":10,"column":23}},"4":{"start":{"line":11,"column":15},"end":{"line":11,"column":51}},"5":{"start":{"line":11,"column":35},"end":{"line":11,"column":50}},"6":{"start":{"line":12,"column":15},"end":{"line":12,"column":49}},"7":{"start":{"line":12,"column":35},"end":{"line":12,"column":48}},"8":{"start":{"line":13,"column":16},"end":{"line":13,"column":50}},"9":{"start":{"line":13,"column":36},"end":{"line":13,"column":49}},"10":{"start":{"line":15,"column":1},"end":{"line":15,"column":25}},"11":{"start":{"line":16,"column":1},"end":{"line":16,"column":27}},"12":{"start":{"line":18,"column":1},"end":{"line":18,"column":23}},"13":{"start":{"line":19,"column":1},"end":{"line":19,"column":34}},"14":{"start":{"line":20,"column":1},"end":{"line":20,"column":35}},"15":{"start":{"line":21,"column":1},"end":{"line":21,"column":15}},"16":{"start":{"line":1,"column":9},"end":{"line":1,"column":13}}},"fnMap":{"0":{"name":"sort","decl":{"start":{"line":3,"column":9},"end":{"line":3,"column":13}},"loc":{"start":{"line":3,"column":28},"end":{"line":22,"column":1}}},"1":{"name":"(anonymous_1)","decl":{"start":{"line":11,"column":27},"end":{"line":11,"column":31}},"loc":{"start":{"line":11,"column":35},"end":{"line":11,"column":50}}},"2":{"name":"(anonymous_2)","decl":{"start":{"line":12,"column":27},"end":{"line":12,"column":31}},"loc":{"start":{"line":12,"column":35},"end":{"line":12,"column":48}}},"3":{"name":"(anonymous_3)","decl":{"start":{"line":13,"column":28},"end":{"line":13,"column":32}},"loc":{"start":{"line":13,"column":36},"end":{"line":13,"column":49}}}},"branchMap":{"0":{"loc":{"start":{"line":6,"column":1},"end":{"line":8,"column":2}},"type":"if","locations":[{"start":{"line":6,"column":1},"end":{"line":8,"column":2}}]}},"s":{"0":103,"1":103,"2":59,"3":44,"4":44,"5":99,"6":44,"7":99,"8":44,"9":99,"10":44,"11":44,"12":44,"13":44,"14":44,"15":44,"16":1},"f":{"0":103,"1":99,"2":99,"3":99},"b":{"0":[59]}}
,"C:\\Larry\\Personal\\es6-es7-esn\\src\\tdd\\martin-stack.ts": {"path":"C:\\Larry\\Personal\\es6-es7-esn\\src\\tdd\\martin-stack.ts","statementMap":{"0":{"start":{"line":4,"column":9},"end":{"line":4,"column":26}},"1":{"start":{"line":5,"column":9},"end":{"line":5,"column":51}},"2":{"start":{"line":8,"column":2},"end":{"line":10,"column":3}},"3":{"start":{"line":9,"column":3},"end":{"line":9,"column":26}},"4":{"start":{"line":11,"column":2},"end":{"line":11,"column":35}},"5":{"start":{"line":15,"column":2},"end":{"line":15,"column":36}},"6":{"start":{"line":19,"column":2},"end":{"line":19,"column":25}},"7":{"start":{"line":23,"column":2},"end":{"line":23,"column":19}},"8":{"start":{"line":1,"column":9},"end":{"line":1,"column":14}}},"fnMap":{"0":{"name":"(anonymous_0)","decl":{"start":{"line":3,"column":0},"end":{"line":3,"column":6}},"loc":{"start":{"line":3,"column":0},"end":{"line":25,"column":1}}},"1":{"name":"(anonymous_1)","decl":{"start":{"line":7,"column":1},"end":{"line":7,"column":4}},"loc":{"start":{"line":7,"column":4},"end":{"line":12,"column":2}}},"2":{"name":"(anonymous_2)","decl":{"start":{"line":14,"column":1},"end":{"line":14,"column":5}},"loc":{"start":{"line":14,"column":19},"end":{"line":16,"column":2}}},"3":{"name":"(anonymous_3)","decl":{"start":{"line":18,"column":1},"end":{"line":18,"column":8}},"loc":{"start":{"line":18,"column":8},"end":{"line":20,"column":2}}},"4":{"name":"(anonymous_4)","decl":{"start":{"line":22,"column":1},"end":{"line":22,"column":8}},"loc":{"start":{"line":22,"column":8},"end":{"line":24,"column":2}}}},"branchMap":{"0":{"loc":{"start":{"line":8,"column":2},"end":{"line":10,"column":3}},"type":"if","locations":[{"start":{"line":8,"column":2},"end":{"line":10,"column":3}}]}},"s":{"0":7,"1":7,"2":6,"3":1,"4":5,"5":8,"6":3,"7":3,"8":1},"f":{"0":7,"1":6,"2":8,"3":3,"4":3},"b":{"0":[1]}}
,"C:\\Larry\\Personal\\es6-es7-esn\\src\\tdd\\martin-text-wrap.ts": {"path":"C:\\Larry\\Personal\\es6-es7-esn\\src\\tdd\\martin-text-wrap.ts","statementMap":{"0":{"start":{"line":3,"column":14},"end":{"line":3,"column":17}},"1":{"start":{"line":4,"column":13},"end":{"line":4,"column":17}},"2":{"start":{"line":6,"column":1},"end":{"line":8,"column":2}},"3":{"start":{"line":7,"column":2},"end":{"line":7,"column":null}},"4":{"start":{"line":10,"column":1},"end":{"line":22,"column":2}},"5":{"start":{"line":11,"column":2},"end":{"line":11,"column":13}},"6":{"start":{"line":14,"column":14},"end":{"line":14,"column":43}},"7":{"start":{"line":16,"column":2},"end":{"line":18,"column":3}},"8":{"start":{"line":17,"column":3},"end":{"line":17,"column":17}},"9":{"start":{"line":19,"column":2},"end":{"line":21,"column":46}},"10":{"start":{"line":1,"column":9},"end":{"line":1,"column":13}}},"fnMap":{"0":{"name":"wrap","decl":{"start":{"line":5,"column":9},"end":{"line":5,"column":13}},"loc":{"start":{"line":5,"column":40},"end":{"line":23,"column":1}}}},"branchMap":{"0":{"loc":{"start":{"line":6,"column":1},"end":{"line":8,"column":2}},"type":"if","locations":[{"start":{"line":6,"column":1},"end":{"line":8,"column":2}}]},"1":{"loc":{"start":{"line":10,"column":1},"end":{"line":22,"column":2}},"type":"if","locations":[{"start":{"line":10,"column":1},"end":{"line":22,"column":2}},{"start":{"line":13,"column":8},"end":{"line":22,"column":2}}]},"2":{"loc":{"start":{"line":16,"column":2},"end":{"line":18,"column":3}},"type":"if","locations":[{"start":{"line":16,"column":2},"end":{"line":18,"column":3}}]}},"s":{"0":1,"1":1,"2":45,"3":3,"4":42,"5":21,"6":21,"7":21,"8":8,"9":21,"10":1},"f":{"0":45},"b":{"0":[3],"1":[21,21],"2":[8]}}
}
