{"C:\\Larry\\Personal\\es6-es7-esn\\src\\tdd\\linear-search.ts": {"path":"C:\\Larry\\Personal\\es6-es7-esn\\src\\tdd\\linear-search.ts","statementMap":{"0":{"start":{"line":9,"column":21},"end":{"line":9,"column":23}},"1":{"start":{"line":10,"column":1},"end":{"line":12,"column":2}},"2":{"start":{"line":11,"column":2},"end":{"line":11,"column":23}},"3":{"start":{"line":14,"column":1},"end":{"line":18,"column":2}},"4":{"start":{"line":14,"column":13},"end":{"line":14,"column":14}},"5":{"start":{"line":15,"column":2},"end":{"line":17,"column":3}},"6":{"start":{"line":16,"column":3},"end":{"line":16,"column":12}},"7":{"start":{"line":20,"column":1},"end":{"line":20,"column":22}},"8":{"start":{"line":1,"column":9},"end":{"line":1,"column":28}}},"fnMap":{"0":{"name":"searchLinearIndexOf","decl":{"start":{"line":8,"column":9},"end":{"line":8,"column":28}},"loc":{"start":{"line":8,"column":63},"end":{"line":21,"column":1}}}},"branchMap":{"0":{"loc":{"start":{"line":10,"column":1},"end":{"line":12,"column":2}},"type":"if","locations":[{"start":{"line":10,"column":1},"end":{"line":12,"column":2}}]},"1":{"loc":{"start":{"line":15,"column":2},"end":{"line":17,"column":3}},"type":"if","locations":[{"start":{"line":15,"column":2},"end":{"line":17,"column":3}}]}},"s":{"0":9,"1":9,"2":1,"3":8,"4":8,"5":15,"6":7,"7":1,"8":1},"f":{"0":9},"b":{"0":[1],"1":[7]}}
}
